<?xml version="1.0" encoding="UTF-8"?>
<!-- Generated by org.testng.reporters.JUnitReportReporter -->
<testsuite hostname="DESKTOP-IOI6U0V" failures="0" tests="1" name="com.nopcommerce.demo.TS_DataFakerTest" time="0.491" errors="0" timestamp="23 Aug 2022 05:50:26 GMT" skipped="0">
  <testcase classname="com.nopcommerce.demo.TS_DataFakerTest" name="TC_01_GetData" time="0.491"/>
</testsuite> <!-- com.nopcommerce.demo.TS_DataFakerTest -->
