<?xml version="1.0" encoding="UTF-8"?>
<!-- Generated by org.testng.reporters.JUnitReportReporter -->
<testsuite hostname="DESKTOP-IOI6U0V" failures="0" tests="6" name="com.nopcommerce.demo.TS_02_Login" time="11.069" errors="0" timestamp="27 Aug 2022 11:37:59 GMT" skipped="0">
  <testcase classname="com.nopcommerce.demo.TS_02_Login" name="TC_01_LoginWithEmptyData" time="0.463"/>
  <testcase classname="com.nopcommerce.demo.TS_02_Login" name="TC_05_LoginWithPasswordWrong" time="2.078"/>
  <testcase classname="com.nopcommerce.demo.TS_02_Login" name="TC_02_LoginWithInvalidEmail" time="2.032"/>
  <testcase classname="com.nopcommerce.demo.TS_02_Login" name="TC_03_LoginWithUnregisteredEmail" time="1.602"/>
  <testcase classname="com.nopcommerce.demo.TS_02_Login" name="TC_04_LoginWithPasswordBlank" time="1.640"/>
  <testcase classname="com.nopcommerce.demo.TS_02_Login" name="TC_06_LoginSuccessfulHomePage" time="3.254"/>
</testsuite> <!-- com.nopcommerce.demo.TS_02_Login -->
