<?xml version="1.0" encoding="UTF-8"?>
<!-- Generated by org.testng.reporters.JUnitReportReporter -->
<testsuite hostname="DESKTOP-IOI6U0V" failures="0" tests="6" name="com.nopcommerce.demo.TS_01_Register" time="11.196" errors="0" timestamp="17 Dec 2022 05:52:36 GMT" skipped="0">
  <testcase classname="com.nopcommerce.demo.TS_01_Register" name="TC_05_RegisterWithPasswordLeast6Characters" time="1.042"/>
  <testcase classname="com.nopcommerce.demo.TS_01_Register" name="TC_01_RegisterWithEmptyData" time="0.269"/>
  <testcase classname="com.nopcommerce.demo.TS_01_Register" name="TC_04_RegisterWithExistEmail" time="1.408"/>
  <testcase classname="com.nopcommerce.demo.TS_01_Register" name="TC_06_RegisterWithConfirmPassword" time="1.089"/>
  <testcase classname="com.nopcommerce.demo.TS_01_Register" name="TC_02_RegisterWithInvalidEmail" time="3.664"/>
  <testcase classname="com.nopcommerce.demo.TS_01_Register" name="TC_03_RegisterWithValidInformation" time="3.724"/>
</testsuite> <!-- com.nopcommerce.demo.TS_01_Register -->
